2020-05-01 22:34:53.936  INFO 5104 --- [restartedMain] l.m.community.Community2Application      : Starting Community2Application on LAPTOP-DRAU6J9A with PID 5104 (D:\community2\target\classes started by oneday in D:\community2)
2020-05-01 22:34:53.943  INFO 5104 --- [restartedMain] l.m.community.Community2Application      : No active profile set, falling back to default profiles: default
2020-05-01 22:34:54.032  INFO 5104 --- [restartedMain] .e.DevToolsPropertyDefaultsPostProcessor : Devtools property defaults active! Set 'spring.devtools.add-properties' to 'false' to disable
2020-05-01 22:34:54.032  INFO 5104 --- [restartedMain] .e.DevToolsPropertyDefaultsPostProcessor : For additional web related logging consider setting the 'logging.level.web' property to 'DEBUG'
2020-05-01 22:34:56.478  INFO 5104 --- [restartedMain] o.s.b.w.embedded.tomcat.TomcatWebServer  : Tomcat initialized with port(s): 8889 (http)
2020-05-01 22:34:56.492  INFO 5104 --- [restartedMain] o.apache.catalina.core.StandardService   : Starting service [Tomcat]
2020-05-01 22:34:56.494  INFO 5104 --- [restartedMain] org.apache.catalina.core.StandardEngine  : Starting Servlet engine: [Apache Tomcat/9.0.31]
2020-05-01 22:34:56.647  INFO 5104 --- [restartedMain] o.a.c.c.C.[Tomcat].[localhost].[/]       : Initializing Spring embedded WebApplicationContext
2020-05-01 22:34:56.648  INFO 5104 --- [restartedMain] o.s.web.context.ContextLoader            : Root WebApplicationContext: initialization completed in 2615 ms
2020-05-01 22:34:56.699  INFO 5104 --- [restartedMain] com.zaxxer.hikari.HikariDataSource       : HikariPool-1 - Starting...
2020-05-01 22:34:56.968  INFO 5104 --- [restartedMain] com.zaxxer.hikari.HikariDataSource       : HikariPool-1 - Start completed.
2020-05-01 22:34:56.974  INFO 5104 --- [restartedMain] o.s.b.a.h2.H2ConsoleAutoConfiguration    : H2 console available at '/h2-console'. Database available at 'jdbc:h2:~/community'
2020-05-01 22:34:58.029  INFO 5104 --- [restartedMain] o.s.s.concurrent.ThreadPoolTaskExecutor  : Initializing ExecutorService 'applicationTaskExecutor'
2020-05-01 22:34:58.131  INFO 5104 --- [restartedMain] o.s.b.a.w.s.WelcomePageHandlerMapping    : Adding welcome page template: index
2020-05-01 22:34:58.635  INFO 5104 --- [restartedMain] o.s.b.d.a.OptionalLiveReloadServer       : LiveReload server is running on port 35729
2020-05-01 22:34:58.744  INFO 5104 --- [restartedMain] o.s.b.w.embedded.tomcat.TomcatWebServer  : Tomcat started on port(s): 8889 (http) with context path ''
2020-05-01 22:34:58.762  INFO 5104 --- [restartedMain] l.m.community.Community2Application      : Started Community2Application in 5.837 seconds (JVM running for 8.723)
2020-05-01 22:35:24.681  INFO 5104 --- [http-nio-8889-exec-1] o.a.c.c.C.[Tomcat].[localhost].[/]       : Initializing Spring DispatcherServlet 'dispatcherServlet'
2020-05-01 22:35:24.681  INFO 5104 --- [http-nio-8889-exec-1] o.s.web.servlet.DispatcherServlet        : Initializing Servlet 'dispatcherServlet'
2020-05-01 22:35:24.688  INFO 5104 --- [http-nio-8889-exec-1] o.s.web.servlet.DispatcherServlet        : Completed initialization in 6 ms
